<?xml version="1.0" encoding="UTF-8"?>
<testsuite name="pl.arturkufa.pack.HuffmanAlgorithm.HuffmanRootFinderTest" tests="1" skipped="0" failures="0" errors="0" timestamp="2021-03-03T20:14:44" hostname="DESKTOP-LOPQDAL" time="0.006">
  <properties/>
  <testcase name="shouldAssignCorrectRoot()" classname="pl.arturkufa.pack.HuffmanAlgorithm.HuffmanRootFinderTest" time="0.006"/>
  <system-out><![CDATA[]]></system-out>
  <system-err><![CDATA[]]></system-err>
</testsuite>
